SLF4J: Class path contains multiple SLF4J bindings.
SLF4J: Found binding in [jar:file:/home/ETL/bsee-edc-etl.jar!/BOOT-INF/lib/logback-classic-1.2.3.jar!/org/slf4j/impl/StaticLoggerBinder.class]
SLF4J: Found binding in [jar:file:/home/ETL/bsee-edc-etl.jar!/BOOT-INF/lib/slf4j-log4j12-1.7.30.jar!/org/slf4j/impl/StaticLoggerBinder.class]
SLF4J: Found binding in [jar:file:/home/ETL/bsee-edc-etl.jar!/BOOT-INF/lib/log4j-slf4j-impl-2.17.0.jar!/org/slf4j/impl/StaticLoggerBinder.class]
SLF4J: Found binding in [jar:file:/home/ETL/bsee-edc-etl.jar!/BOOT-INF/lib/slf4j-reload4j-1.7.36.jar!/org/slf4j/impl/StaticLoggerBinder.class]
SLF4J: See http://www.slf4j.org/codes.html#multiple_bindings for an explanation.
SLF4J: Actual binding is of type [ch.qos.logback.classic.util.ContextSelectorStaticBinder]
org.apache.hudi.exception.HoodieUpsertException: Error upserting bucketType UPDATE for partition :0
	at org.apache.hudi.table.action.commit.BaseJavaCommitActionExecutor.handleUpsertPartition(BaseJavaCommitActionExecutor.java:261)
	at org.apache.hudi.table.action.commit.BaseJavaCommitActionExecutor.lambda$execute$0(BaseJavaCommitActionExecutor.java:126)
	at java.util.LinkedHashMap.forEach(LinkedHashMap.java:684)
	at org.apache.hudi.table.action.commit.BaseJavaCommitActionExecutor.execute(BaseJavaCommitActionExecutor.java:124)
	at org.apache.hudi.table.action.commit.BaseJavaCommitActionExecutor.execute(BaseJavaCommitActionExecutor.java:74)
	at org.apache.hudi.table.action.commit.BaseWriteHelper.write(BaseWriteHelper.java:64)
	at org.apache.hudi.table.action.commit.JavaUpsertCommitActionExecutor.execute(JavaUpsertCommitActionExecutor.java:53)
	at org.apache.hudi.table.HoodieJavaCopyOnWriteTable.upsert(HoodieJavaCopyOnWriteTable.java:109)
	at org.apache.hudi.table.HoodieJavaCopyOnWriteTable.upsert(HoodieJavaCopyOnWriteTable.java:88)
	at org.apache.hudi.client.HoodieJavaWriteClient.upsert(HoodieJavaWriteClient.java:113)
	at com.baosteel.bsee.etl.service.impl.Test12485.writeIntoHudi(Test12485.java:100)
	at com.baosteel.bsee.etl.service.impl.Test12485.writeIntoHudiTest(Test12485.java:61)
	at com.baosteel.bsee.etl.controller.TaskExecuteController.testHoodie(TaskExecuteController.java:69)
	at sun.reflect.NativeMethodAccessorImpl.invoke0(Native Method)
	at sun.reflect.NativeMethodAccessorImpl.invoke(NativeMethodAccessorImpl.java:62)
	at sun.reflect.DelegatingMethodAccessorImpl.invoke(DelegatingMethodAccessorImpl.java:43)
	at java.lang.reflect.Method.invoke(Method.java:498)
	at org.springframework.web.method.support.InvocableHandlerMethod.doInvoke(InvocableHandlerMethod.java:190)
	at org.springframework.web.method.support.InvocableHandlerMethod.invokeForRequest(InvocableHandlerMethod.java:138)
	at org.springframework.web.servlet.mvc.method.annotation.ServletInvocableHandlerMethod.invokeAndHandle(ServletInvocableHandlerMethod.java:105)
	at org.springframework.web.servlet.mvc.method.annotation.RequestMappingHandlerAdapter.invokeHandlerMethod(RequestMappingHandlerAdapter.java:878)
	at org.springframework.web.servlet.mvc.method.annotation.RequestMappingHandlerAdapter.handleInternal(RequestMappingHandlerAdapter.java:792)
	at org.springframework.web.servlet.mvc.method.AbstractHandlerMethodAdapter.handle(AbstractHandlerMethodAdapter.java:87)
	at org.springframework.web.servlet.DispatcherServlet.doDispatch(DispatcherServlet.java:1040)
	at org.springframework.web.servlet.DispatcherServlet.doService(DispatcherServlet.java:943)
	at org.springframework.web.servlet.FrameworkServlet.processRequest(FrameworkServlet.java:1006)
	at org.springframework.web.servlet.FrameworkServlet.doGet(FrameworkServlet.java:898)
	at javax.servlet.http.HttpServlet.service(HttpServlet.java:626)
	at org.springframework.web.servlet.FrameworkServlet.service(FrameworkServlet.java:883)
	at javax.servlet.http.HttpServlet.service(HttpServlet.java:733)
	at org.apache.catalina.core.ApplicationFilterChain.internalDoFilter(ApplicationFilterChain.java:227)
	at org.apache.catalina.core.ApplicationFilterChain.doFilter(ApplicationFilterChain.java:162)
	at org.apache.tomcat.websocket.server.WsFilter.doFilter(WsFilter.java:53)
	at org.apache.catalina.core.ApplicationFilterChain.internalDoFilter(ApplicationFilterChain.java:189)
	at org.apache.catalina.core.ApplicationFilterChain.doFilter(ApplicationFilterChain.java:162)
	at org.springframework.web.filter.RequestContextFilter.doFilterInternal(RequestContextFilter.java:100)
	at org.springframework.web.filter.OncePerRequestFilter.doFilter(OncePerRequestFilter.java:119)
	at org.apache.catalina.core.ApplicationFilterChain.internalDoFilter(ApplicationFilterChain.java:189)
	at org.apache.catalina.core.ApplicationFilterChain.doFilter(ApplicationFilterChain.java:162)
	at org.springframework.web.filter.FormContentFilter.doFilterInternal(FormContentFilter.java:93)
	at org.springframework.web.filter.OncePerRequestFilter.doFilter(OncePerRequestFilter.java:119)
	at org.apache.catalina.core.ApplicationFilterChain.internalDoFilter(ApplicationFilterChain.java:189)
	at org.apache.catalina.core.ApplicationFilterChain.doFilter(ApplicationFilterChain.java:162)
	at org.springframework.web.filter.CharacterEncodingFilter.doFilterInternal(CharacterEncodingFilter.java:201)
	at org.springframework.web.filter.OncePerRequestFilter.doFilter(OncePerRequestFilter.java:119)
	at org.apache.catalina.core.ApplicationFilterChain.internalDoFilter(ApplicationFilterChain.java:189)
	at org.apache.catalina.core.ApplicationFilterChain.doFilter(ApplicationFilterChain.java:162)
	at org.apache.catalina.core.StandardWrapperValve.invoke(StandardWrapperValve.java:202)
	at org.apache.catalina.core.StandardContextValve.invoke(StandardContextValve.java:97)
	at org.apache.catalina.authenticator.AuthenticatorBase.invoke(AuthenticatorBase.java:542)
	at org.apache.catalina.core.StandardHostValve.invoke(StandardHostValve.java:143)
	at org.apache.catalina.valves.ErrorReportValve.invoke(ErrorReportValve.java:92)
	at org.apache.catalina.core.StandardEngineValve.invoke(StandardEngineValve.java:78)
	at org.apache.catalina.connector.CoyoteAdapter.service(CoyoteAdapter.java:357)
	at org.apache.coyote.http11.Http11Processor.service(Http11Processor.java:374)
	at org.apache.coyote.AbstractProcessorLight.process(AbstractProcessorLight.java:65)
	at org.apache.coyote.AbstractProtocol$ConnectionHandler.process(AbstractProtocol.java:893)
	at org.apache.tomcat.util.net.NioEndpoint$SocketProcessor.doRun(NioEndpoint.java:1707)
	at org.apache.tomcat.util.net.SocketProcessorBase.run(SocketProcessorBase.java:49)
	at java.util.concurrent.ThreadPoolExecutor.runWorker(ThreadPoolExecutor.java:1149)
	at java.util.concurrent.ThreadPoolExecutor$Worker.run(ThreadPoolExecutor.java:624)
	at org.apache.tomcat.util.threads.TaskThread$WrappingRunnable.run(TaskThread.java:61)
	at java.lang.Thread.run(Thread.java:748)
Caused by: org.apache.hudi.exception.HoodieUpsertException: Failed to close UpdateHandle
	at org.apache.hudi.io.HoodieMergeHandle.close(HoodieMergeHandle.java:435)
	at org.apache.hudi.table.action.commit.JavaMergeHelper.runMerge(JavaMergeHelper.java:120)
	at org.apache.hudi.table.action.commit.BaseJavaCommitActionExecutor.handleUpdateInternal(BaseJavaCommitActionExecutor.java:290)
	at org.apache.hudi.table.action.commit.BaseJavaCommitActionExecutor.handleUpdate(BaseJavaCommitActionExecutor.java:281)
	at org.apache.hudi.table.action.commit.BaseJavaCommitActionExecutor.handleUpsertPartition(BaseJavaCommitActionExecutor.java:254)
	... 62 more
Caused by: java.nio.channels.ClosedChannelException
	at org.apache.hadoop.hdfs.ExceptionLastSeen.throwException4Close(ExceptionLastSeen.java:73)
	at org.apache.hadoop.hdfs.DFSOutputStream.checkClosed(DFSOutputStream.java:156)
	at org.apache.hadoop.fs.FSOutputSummer.write(FSOutputSummer.java:106)
	at org.apache.hadoop.fs.FSDataOutputStream$PositionCache.write(FSDataOutputStream.java:62)
	at java.io.DataOutputStream.write(DataOutputStream.java:107)
	at org.apache.hadoop.fs.FSDataOutputStream$PositionCache.write(FSDataOutputStream.java:62)
	at java.io.DataOutputStream.write(DataOutputStream.java:107)
	at org.apache.hudi.common.fs.SizeAwareFSDataOutputStream.lambda$write$0(SizeAwareFSDataOutputStream.java:65)
	at org.apache.hudi.common.fs.HoodieWrapperFileSystem.executeFuncWithTimeMetrics(HoodieWrapperFileSystem.java:112)
	at org.apache.hudi.common.fs.HoodieWrapperFileSystem.executeFuncWithTimeAndByteMetrics(HoodieWrapperFileSystem.java:130)
	at org.apache.hudi.common.fs.SizeAwareFSDataOutputStream.write(SizeAwareFSDataOutputStream.java:62)
	at java.io.FilterOutputStream.write(FilterOutputStream.java:97)
	at org.apache.hudi.common.fs.SizeAwareFSDataOutputStream.lambda$write$1(SizeAwareFSDataOutputStream.java:75)
	at org.apache.hudi.common.fs.HoodieWrapperFileSystem.executeFuncWithTimeMetrics(HoodieWrapperFileSystem.java:112)
	at org.apache.hudi.common.fs.HoodieWrapperFileSystem.executeFuncWithTimeAndByteMetrics(HoodieWrapperFileSystem.java:130)
	at org.apache.hudi.common.fs.SizeAwareFSDataOutputStream.write(SizeAwareFSDataOutputStream.java:72)
	at org.apache.parquet.hadoop.util.HadoopPositionOutputStream.write(HadoopPositionOutputStream.java:45)
	at org.apache.parquet.bytes.ConcatenatingByteArrayCollector.writeAllTo(ConcatenatingByteArrayCollector.java:46)
	at org.apache.parquet.hadoop.ParquetFileWriter.writeColumnChunk(ParquetFileWriter.java:811)
	at org.apache.parquet.hadoop.ParquetFileWriter.writeColumnChunk(ParquetFileWriter.java:757)
	at org.apache.parquet.hadoop.ColumnChunkPageWriteStore$ColumnChunkPageWriter.writeToFileWriter(ColumnChunkPageWriteStore.java:310)
	at org.apache.parquet.hadoop.ColumnChunkPageWriteStore.flushToFileWriter(ColumnChunkPageWriteStore.java:458)
	at org.apache.parquet.hadoop.InternalParquetRecordWriter.flushRowGroupToStore(InternalParquetRecordWriter.java:186)
	at org.apache.parquet.hadoop.InternalParquetRecordWriter.close(InternalParquetRecordWriter.java:124)
	at org.apache.parquet.hadoop.ParquetWriter.close(ParquetWriter.java:319)
	at org.apache.hudi.io.storage.HoodieAvroParquetWriter.close(HoodieAvroParquetWriter.java:90)
	at org.apache.hudi.io.HoodieMergeHandle.close(HoodieMergeHandle.java:410)
	... 66 more
org.apache.hudi.exception.HoodieUpsertException: Error upserting bucketType UPDATE for partition :0
	at org.apache.hudi.table.action.commit.BaseJavaCommitActionExecutor.handleUpsertPartition(BaseJavaCommitActionExecutor.java:261)
	at org.apache.hudi.table.action.commit.BaseJavaCommitActionExecutor.lambda$execute$0(BaseJavaCommitActionExecutor.java:126)
	at java.util.LinkedHashMap.forEach(LinkedHashMap.java:684)
	at org.apache.hudi.table.action.commit.BaseJavaCommitActionExecutor.execute(BaseJavaCommitActionExecutor.java:124)
	at org.apache.hudi.table.action.commit.BaseJavaCommitActionExecutor.execute(BaseJavaCommitActionExecutor.java:74)
	at org.apache.hudi.table.action.commit.BaseWriteHelper.write(BaseWriteHelper.java:64)
	at org.apache.hudi.table.action.commit.JavaUpsertCommitActionExecutor.execute(JavaUpsertCommitActionExecutor.java:53)
	at org.apache.hudi.table.HoodieJavaCopyOnWriteTable.upsert(HoodieJavaCopyOnWriteTable.java:109)
	at org.apache.hudi.table.HoodieJavaCopyOnWriteTable.upsert(HoodieJavaCopyOnWriteTable.java:88)
	at org.apache.hudi.client.HoodieJavaWriteClient.upsert(HoodieJavaWriteClient.java:113)
	at com.baosteel.bsee.etl.service.impl.Test12485.writeIntoHudi(Test12485.java:100)
	at com.baosteel.bsee.etl.service.impl.Test12485.writeIntoHudiTest(Test12485.java:61)
	at com.baosteel.bsee.etl.controller.TaskExecuteController.testHoodie(TaskExecuteController.java:69)
	at sun.reflect.NativeMethodAccessorImpl.invoke0(Native Method)
	at sun.reflect.NativeMethodAccessorImpl.invoke(NativeMethodAccessorImpl.java:62)
	at sun.reflect.DelegatingMethodAccessorImpl.invoke(DelegatingMethodAccessorImpl.java:43)
	at java.lang.reflect.Method.invoke(Method.java:498)
	at org.springframework.web.method.support.InvocableHandlerMethod.doInvoke(InvocableHandlerMethod.java:190)
	at org.springframework.web.method.support.InvocableHandlerMethod.invokeForRequest(InvocableHandlerMethod.java:138)
	at org.springframework.web.servlet.mvc.method.annotation.ServletInvocableHandlerMethod.invokeAndHandle(ServletInvocableHandlerMethod.java:105)
	at org.springframework.web.servlet.mvc.method.annotation.RequestMappingHandlerAdapter.invokeHandlerMethod(RequestMappingHandlerAdapter.java:878)
	at org.springframework.web.servlet.mvc.method.annotation.RequestMappingHandlerAdapter.handleInternal(RequestMappingHandlerAdapter.java:792)
	at org.springframework.web.servlet.mvc.method.AbstractHandlerMethodAdapter.handle(AbstractHandlerMethodAdapter.java:87)
	at org.springframework.web.servlet.DispatcherServlet.doDispatch(DispatcherServlet.java:1040)
	at org.springframework.web.servlet.DispatcherServlet.doService(DispatcherServlet.java:943)
	at org.springframework.web.servlet.FrameworkServlet.processRequest(FrameworkServlet.java:1006)
	at org.springframework.web.servlet.FrameworkServlet.doGet(FrameworkServlet.java:898)
	at javax.servlet.http.HttpServlet.service(HttpServlet.java:626)
	at org.springframework.web.servlet.FrameworkServlet.service(FrameworkServlet.java:883)
	at javax.servlet.http.HttpServlet.service(HttpServlet.java:733)
	at org.apache.catalina.core.ApplicationFilterChain.internalDoFilter(ApplicationFilterChain.java:227)
	at org.apache.catalina.core.ApplicationFilterChain.doFilter(ApplicationFilterChain.java:162)
	at org.apache.tomcat.websocket.server.WsFilter.doFilter(WsFilter.java:53)
	at org.apache.catalina.core.ApplicationFilterChain.internalDoFilter(ApplicationFilterChain.java:189)
	at org.apache.catalina.core.ApplicationFilterChain.doFilter(ApplicationFilterChain.java:162)
	at org.springframework.web.filter.RequestContextFilter.doFilterInternal(RequestContextFilter.java:100)
	at org.springframework.web.filter.OncePerRequestFilter.doFilter(OncePerRequestFilter.java:119)
	at org.apache.catalina.core.ApplicationFilterChain.internalDoFilter(ApplicationFilterChain.java:189)
	at org.apache.catalina.core.ApplicationFilterChain.doFilter(ApplicationFilterChain.java:162)
	at org.springframework.web.filter.FormContentFilter.doFilterInternal(FormContentFilter.java:93)
	at org.springframework.web.filter.OncePerRequestFilter.doFilter(OncePerRequestFilter.java:119)
	at org.apache.catalina.core.ApplicationFilterChain.internalDoFilter(ApplicationFilterChain.java:189)
	at org.apache.catalina.core.ApplicationFilterChain.doFilter(ApplicationFilterChain.java:162)
	at org.springframework.web.filter.CharacterEncodingFilter.doFilterInternal(CharacterEncodingFilter.java:201)
	at org.springframework.web.filter.OncePerRequestFilter.doFilter(OncePerRequestFilter.java:119)
	at org.apache.catalina.core.ApplicationFilterChain.internalDoFilter(ApplicationFilterChain.java:189)
	at org.apache.catalina.core.ApplicationFilterChain.doFilter(ApplicationFilterChain.java:162)
	at org.apache.catalina.core.StandardWrapperValve.invoke(StandardWrapperValve.java:202)
	at org.apache.catalina.core.StandardContextValve.invoke(StandardContextValve.java:97)
	at org.apache.catalina.authenticator.AuthenticatorBase.invoke(AuthenticatorBase.java:542)
	at org.apache.catalina.core.StandardHostValve.invoke(StandardHostValve.java:143)
	at org.apache.catalina.valves.ErrorReportValve.invoke(ErrorReportValve.java:92)
	at org.apache.catalina.core.StandardEngineValve.invoke(StandardEngineValve.java:78)
	at org.apache.catalina.connector.CoyoteAdapter.service(CoyoteAdapter.java:357)
	at org.apache.coyote.http11.Http11Processor.service(Http11Processor.java:374)
	at org.apache.coyote.AbstractProcessorLight.process(AbstractProcessorLight.java:65)
	at org.apache.coyote.AbstractProtocol$ConnectionHandler.process(AbstractProtocol.java:893)
	at org.apache.tomcat.util.net.NioEndpoint$SocketProcessor.doRun(NioEndpoint.java:1707)
	at org.apache.tomcat.util.net.SocketProcessorBase.run(SocketProcessorBase.java:49)
	at java.util.concurrent.ThreadPoolExecutor.runWorker(ThreadPoolExecutor.java:1149)
	at java.util.concurrent.ThreadPoolExecutor$Worker.run(ThreadPoolExecutor.java:624)
	at org.apache.tomcat.util.threads.TaskThread$WrappingRunnable.run(TaskThread.java:61)
	at java.lang.Thread.run(Thread.java:748)
Caused by: org.apache.hudi.exception.HoodieUpsertException: Failed to initialize HoodieUpdateHandle for FileId: 75613ed4-855d-448f-ad24-30608c78106c-0 on commit 20241219095410537 on path hdfs://bdc-e16-13u-mrs-atlas800-02:25019/user/hive/warehouse/hudi_etl/hudi_wxh.db/test_table
	at org.apache.hudi.io.HoodieMergeHandle.init(HoodieMergeHandle.java:208)
	at org.apache.hudi.io.HoodieMergeHandle.<init>(HoodieMergeHandle.java:134)
	at org.apache.hudi.io.HoodieMergeHandle.<init>(HoodieMergeHandle.java:125)
	at org.apache.hudi.table.action.commit.BaseJavaCommitActionExecutor.getUpdateHandle(BaseJavaCommitActionExecutor.java:306)
	at org.apache.hudi.table.action.commit.BaseJavaCommitActionExecutor.handleUpdate(BaseJavaCommitActionExecutor.java:280)
	at org.apache.hudi.table.action.commit.BaseJavaCommitActionExecutor.handleUpsertPartition(BaseJavaCommitActionExecutor.java:254)
	... 62 more
Caused by: java.io.IOException: Filesystem closed
	at org.apache.hadoop.hdfs.DFSClient.checkOpen(DFSClient.java:537)
	at org.apache.hadoop.hdfs.DFSClient.create(DFSClient.java:1375)
	at org.apache.hadoop.hdfs.DFSClient.create(DFSClient.java:1357)
	at org.apache.hadoop.hdfs.DFSClient.create(DFSClient.java:1339)
	at org.apache.hadoop.hdfs.DFSClient.create(DFSClient.java:1277)
	at org.apache.hadoop.hdfs.DistributedFileSystem$8.doCall(DistributedFileSystem.java:608)
	at org.apache.hadoop.hdfs.DistributedFileSystem$8.doCall(DistributedFileSystem.java:605)
	at org.apache.hadoop.fs.FileSystemLinkResolver.resolve(FileSystemLinkResolver.java:81)
	at org.apache.hadoop.hdfs.DistributedFileSystem.create(DistributedFileSystem.java:619)
	at org.apache.hadoop.hdfs.DistributedFileSystem.create(DistributedFileSystem.java:529)
	at org.apache.hudi.common.fs.HoodieWrapperFileSystem.lambda$create$12(HoodieWrapperFileSystem.java:318)
	at org.apache.hudi.common.fs.HoodieWrapperFileSystem.executeFuncWithTimeMetrics(HoodieWrapperFileSystem.java:112)
	at org.apache.hudi.common.fs.HoodieWrapperFileSystem.create(HoodieWrapperFileSystem.java:317)
	at org.apache.parquet.hadoop.util.HadoopOutputFile.create(HadoopOutputFile.java:74)
	at org.apache.parquet.hadoop.ParquetFileWriter.<init>(ParquetFileWriter.java:329)
	at org.apache.parquet.hadoop.ParquetWriter.<init>(ParquetWriter.java:292)
	at org.apache.parquet.hadoop.ParquetWriter.<init>(ParquetWriter.java:228)
	at org.apache.hudi.io.storage.HoodieBaseParquetWriter.<init>(HoodieBaseParquetWriter.java:53)
	at org.apache.hudi.io.storage.HoodieAvroParquetWriter.<init>(HoodieAvroParquetWriter.java:60)
	at org.apache.hudi.io.storage.HoodieFileWriterFactory.newParquetFileWriter(HoodieFileWriterFactory.java:94)
	at org.apache.hudi.io.storage.HoodieFileWriterFactory.newParquetFileWriter(HoodieFileWriterFactory.java:77)
	at org.apache.hudi.io.storage.HoodieFileWriterFactory.getFileWriter(HoodieFileWriterFactory.java:61)
	at org.apache.hudi.io.HoodieWriteHandle.createNewFileWriter(HoodieWriteHandle.java:278)
	at org.apache.hudi.io.HoodieMergeHandle.init(HoodieMergeHandle.java:202)
	... 67 more
org.apache.hudi.exception.HoodieUpsertException: Error upserting bucketType UPDATE for partition :0
	at org.apache.hudi.table.action.commit.BaseJavaCommitActionExecutor.handleUpsertPartition(BaseJavaCommitActionExecutor.java:261)
	at org.apache.hudi.table.action.commit.BaseJavaCommitActionExecutor.lambda$execute$0(BaseJavaCommitActionExecutor.java:126)
	at java.util.LinkedHashMap.forEach(LinkedHashMap.java:684)
	at org.apache.hudi.table.action.commit.BaseJavaCommitActionExecutor.execute(BaseJavaCommitActionExecutor.java:124)
	at org.apache.hudi.table.action.commit.BaseJavaCommitActionExecutor.execute(BaseJavaCommitActionExecutor.java:74)
	at org.apache.hudi.table.action.commit.BaseWriteHelper.write(BaseWriteHelper.java:64)
	at org.apache.hudi.table.action.commit.JavaUpsertCommitActionExecutor.execute(JavaUpsertCommitActionExecutor.java:53)
	at org.apache.hudi.table.HoodieJavaCopyOnWriteTable.upsert(HoodieJavaCopyOnWriteTable.java:109)
	at org.apache.hudi.table.HoodieJavaCopyOnWriteTable.upsert(HoodieJavaCopyOnWriteTable.java:88)
	at org.apache.hudi.client.HoodieJavaWriteClient.upsert(HoodieJavaWriteClient.java:113)
	at com.baosteel.bsee.etl.service.impl.Test12485.writeIntoHudi(Test12485.java:100)
	at com.baosteel.bsee.etl.service.impl.Test12485.writeIntoHudiTest(Test12485.java:61)
	at com.baosteel.bsee.etl.controller.TaskExecuteController.testHoodie(TaskExecuteController.java:69)
	at sun.reflect.NativeMethodAccessorImpl.invoke0(Native Method)
	at sun.reflect.NativeMethodAccessorImpl.invoke(NativeMethodAccessorImpl.java:62)
	at sun.reflect.DelegatingMethodAccessorImpl.invoke(DelegatingMethodAccessorImpl.java:43)
	at java.lang.reflect.Method.invoke(Method.java:498)
	at org.springframework.web.method.support.InvocableHandlerMethod.doInvoke(InvocableHandlerMethod.java:190)
	at org.springframework.web.method.support.InvocableHandlerMethod.invokeForRequest(InvocableHandlerMethod.java:138)
	at org.springframework.web.servlet.mvc.method.annotation.ServletInvocableHandlerMethod.invokeAndHandle(ServletInvocableHandlerMethod.java:105)
	at org.springframework.web.servlet.mvc.method.annotation.RequestMappingHandlerAdapter.invokeHandlerMethod(RequestMappingHandlerAdapter.java:878)
	at org.springframework.web.servlet.mvc.method.annotation.RequestMappingHandlerAdapter.handleInternal(RequestMappingHandlerAdapter.java:792)
	at org.springframework.web.servlet.mvc.method.AbstractHandlerMethodAdapter.handle(AbstractHandlerMethodAdapter.java:87)
	at org.springframework.web.servlet.DispatcherServlet.doDispatch(DispatcherServlet.java:1040)
	at org.springframework.web.servlet.DispatcherServlet.doService(DispatcherServlet.java:943)
	at org.springframework.web.servlet.FrameworkServlet.processRequest(FrameworkServlet.java:1006)
	at org.springframework.web.servlet.FrameworkServlet.doGet(FrameworkServlet.java:898)
	at javax.servlet.http.HttpServlet.service(HttpServlet.java:626)
	at org.springframework.web.servlet.FrameworkServlet.service(FrameworkServlet.java:883)
	at javax.servlet.http.HttpServlet.service(HttpServlet.java:733)
	at org.apache.catalina.core.ApplicationFilterChain.internalDoFilter(ApplicationFilterChain.java:227)
	at org.apache.catalina.core.ApplicationFilterChain.doFilter(ApplicationFilterChain.java:162)
	at org.apache.tomcat.websocket.server.WsFilter.doFilter(WsFilter.java:53)
	at org.apache.catalina.core.ApplicationFilterChain.internalDoFilter(ApplicationFilterChain.java:189)
	at org.apache.catalina.core.ApplicationFilterChain.doFilter(ApplicationFilterChain.java:162)
	at org.springframework.web.filter.RequestContextFilter.doFilterInternal(RequestContextFilter.java:100)
	at org.springframework.web.filter.OncePerRequestFilter.doFilter(OncePerRequestFilter.java:119)
	at org.apache.catalina.core.ApplicationFilterChain.internalDoFilter(ApplicationFilterChain.java:189)
	at org.apache.catalina.core.ApplicationFilterChain.doFilter(ApplicationFilterChain.java:162)
	at org.springframework.web.filter.FormContentFilter.doFilterInternal(FormContentFilter.java:93)
	at org.springframework.web.filter.OncePerRequestFilter.doFilter(OncePerRequestFilter.java:119)
	at org.apache.catalina.core.ApplicationFilterChain.internalDoFilter(ApplicationFilterChain.java:189)
	at org.apache.catalina.core.ApplicationFilterChain.doFilter(ApplicationFilterChain.java:162)
	at org.springframework.web.filter.CharacterEncodingFilter.doFilterInternal(CharacterEncodingFilter.java:201)
	at org.springframework.web.filter.OncePerRequestFilter.doFilter(OncePerRequestFilter.java:119)
	at org.apache.catalina.core.ApplicationFilterChain.internalDoFilter(ApplicationFilterChain.java:189)
	at org.apache.catalina.core.ApplicationFilterChain.doFilter(ApplicationFilterChain.java:162)
	at org.apache.catalina.core.StandardWrapperValve.invoke(StandardWrapperValve.java:202)
	at org.apache.catalina.core.StandardContextValve.invoke(StandardContextValve.java:97)
	at org.apache.catalina.authenticator.AuthenticatorBase.invoke(AuthenticatorBase.java:542)
	at org.apache.catalina.core.StandardHostValve.invoke(StandardHostValve.java:143)
	at org.apache.catalina.valves.ErrorReportValve.invoke(ErrorReportValve.java:92)
	at org.apache.catalina.core.StandardEngineValve.invoke(StandardEngineValve.java:78)
	at org.apache.catalina.connector.CoyoteAdapter.service(CoyoteAdapter.java:357)
	at org.apache.coyote.http11.Http11Processor.service(Http11Processor.java:374)
	at org.apache.coyote.AbstractProcessorLight.process(AbstractProcessorLight.java:65)
	at org.apache.coyote.AbstractProtocol$ConnectionHandler.process(AbstractProtocol.java:893)
	at org.apache.tomcat.util.net.NioEndpoint$SocketProcessor.doRun(NioEndpoint.java:1707)
	at org.apache.tomcat.util.net.SocketProcessorBase.run(SocketProcessorBase.java:49)
	at java.util.concurrent.ThreadPoolExecutor.runWorker(ThreadPoolExecutor.java:1149)
	at java.util.concurrent.ThreadPoolExecutor$Worker.run(ThreadPoolExecutor.java:624)
	at org.apache.tomcat.util.threads.TaskThread$WrappingRunnable.run(TaskThread.java:61)
	at java.lang.Thread.run(Thread.java:748)
Caused by: org.apache.hudi.exception.HoodieUpsertException: Failed to initialize HoodieUpdateHandle for FileId: 75613ed4-855d-448f-ad24-30608c78106c-0 on commit 20241219095412154 on path hdfs://bdc-e16-13u-mrs-atlas800-02:25019/user/hive/warehouse/hudi_etl/hudi_wxh.db/test_table
	at org.apache.hudi.io.HoodieMergeHandle.init(HoodieMergeHandle.java:208)
	at org.apache.hudi.io.HoodieMergeHandle.<init>(HoodieMergeHandle.java:134)
	at org.apache.hudi.io.HoodieMergeHandle.<init>(HoodieMergeHandle.java:125)
	at org.apache.hudi.table.action.commit.BaseJavaCommitActionExecutor.getUpdateHandle(BaseJavaCommitActionExecutor.java:306)
	at org.apache.hudi.table.action.commit.BaseJavaCommitActionExecutor.handleUpdate(BaseJavaCommitActionExecutor.java:280)
	at org.apache.hudi.table.action.commit.BaseJavaCommitActionExecutor.handleUpsertPartition(BaseJavaCommitActionExecutor.java:254)
	... 62 more
Caused by: java.io.IOException: Filesystem closed
	at org.apache.hadoop.hdfs.DFSClient.checkOpen(DFSClient.java:537)
	at org.apache.hadoop.hdfs.DFSClient.create(DFSClient.java:1375)
	at org.apache.hadoop.hdfs.DFSClient.create(DFSClient.java:1357)
	at org.apache.hadoop.hdfs.DFSClient.create(DFSClient.java:1339)
	at org.apache.hadoop.hdfs.DFSClient.create(DFSClient.java:1277)
	at org.apache.hadoop.hdfs.DistributedFileSystem$8.doCall(DistributedFileSystem.java:608)
	at org.apache.hadoop.hdfs.DistributedFileSystem$8.doCall(DistributedFileSystem.java:605)
	at org.apache.hadoop.fs.FileSystemLinkResolver.resolve(FileSystemLinkResolver.java:81)
	at org.apache.hadoop.hdfs.DistributedFileSystem.create(DistributedFileSystem.java:619)
	at org.apache.hadoop.hdfs.DistributedFileSystem.create(DistributedFileSystem.java:529)
	at org.apache.hudi.common.fs.HoodieWrapperFileSystem.lambda$create$12(HoodieWrapperFileSystem.java:318)
	at org.apache.hudi.common.fs.HoodieWrapperFileSystem.executeFuncWithTimeMetrics(HoodieWrapperFileSystem.java:112)
	at org.apache.hudi.common.fs.HoodieWrapperFileSystem.create(HoodieWrapperFileSystem.java:317)
	at org.apache.parquet.hadoop.util.HadoopOutputFile.create(HadoopOutputFile.java:74)
	at org.apache.parquet.hadoop.ParquetFileWriter.<init>(ParquetFileWriter.java:329)
	at org.apache.parquet.hadoop.ParquetWriter.<init>(ParquetWriter.java:292)
	at org.apache.parquet.hadoop.ParquetWriter.<init>(ParquetWriter.java:228)
	at org.apache.hudi.io.storage.HoodieBaseParquetWriter.<init>(HoodieBaseParquetWriter.java:53)
	at org.apache.hudi.io.storage.HoodieAvroParquetWriter.<init>(HoodieAvroParquetWriter.java:60)
	at org.apache.hudi.io.storage.HoodieFileWriterFactory.newParquetFileWriter(HoodieFileWriterFactory.java:94)
	at org.apache.hudi.io.storage.HoodieFileWriterFactory.newParquetFileWriter(HoodieFileWriterFactory.java:77)
	at org.apache.hudi.io.storage.HoodieFileWriterFactory.getFileWriter(HoodieFileWriterFactory.java:61)
	at org.apache.hudi.io.HoodieWriteHandle.createNewFileWriter(HoodieWriteHandle.java:278)
	at org.apache.hudi.io.HoodieMergeHandle.init(HoodieMergeHandle.java:202)
	... 67 more
org.apache.hudi.exception.HoodieUpsertException: Error upserting bucketType UPDATE for partition :0
	at org.apache.hudi.table.action.commit.BaseJavaCommitActionExecutor.handleUpsertPartition(BaseJavaCommitActionExecutor.java:261)
	at org.apache.hudi.table.action.commit.BaseJavaCommitActionExecutor.lambda$execute$0(BaseJavaCommitActionExecutor.java:126)
	at java.util.LinkedHashMap.forEach(LinkedHashMap.java:684)
	at org.apache.hudi.table.action.commit.BaseJavaCommitActionExecutor.execute(BaseJavaCommitActionExecutor.java:124)
	at org.apache.hudi.table.action.commit.BaseJavaCommitActionExecutor.execute(BaseJavaCommitActionExecutor.java:74)
	at org.apache.hudi.table.action.commit.BaseWriteHelper.write(BaseWriteHelper.java:64)
	at org.apache.hudi.table.action.commit.JavaUpsertCommitActionExecutor.execute(JavaUpsertCommitActionExecutor.java:53)
	at org.apache.hudi.table.HoodieJavaCopyOnWriteTable.upsert(HoodieJavaCopyOnWriteTable.java:109)
	at org.apache.hudi.table.HoodieJavaCopyOnWriteTable.upsert(HoodieJavaCopyOnWriteTable.java:88)
	at org.apache.hudi.client.HoodieJavaWriteClient.upsert(HoodieJavaWriteClient.java:113)
	at com.baosteel.bsee.etl.service.impl.Test12485.writeIntoHudi(Test12485.java:100)
	at com.baosteel.bsee.etl.service.impl.Test12485.writeIntoHudiTest(Test12485.java:61)
	at com.baosteel.bsee.etl.controller.TaskExecuteController.testHoodie(TaskExecuteController.java:69)
	at sun.reflect.NativeMethodAccessorImpl.invoke0(Native Method)
	at sun.reflect.NativeMethodAccessorImpl.invoke(NativeMethodAccessorImpl.java:62)
	at sun.reflect.DelegatingMethodAccessorImpl.invoke(DelegatingMethodAccessorImpl.java:43)
	at java.lang.reflect.Method.invoke(Method.java:498)
	at org.springframework.web.method.support.InvocableHandlerMethod.doInvoke(InvocableHandlerMethod.java:190)
	at org.springframework.web.method.support.InvocableHandlerMethod.invokeForRequest(InvocableHandlerMethod.java:138)
	at org.springframework.web.servlet.mvc.method.annotation.ServletInvocableHandlerMethod.invokeAndHandle(ServletInvocableHandlerMethod.java:105)
	at org.springframework.web.servlet.mvc.method.annotation.RequestMappingHandlerAdapter.invokeHandlerMethod(RequestMappingHandlerAdapter.java:878)
	at org.springframework.web.servlet.mvc.method.annotation.RequestMappingHandlerAdapter.handleInternal(RequestMappingHandlerAdapter.java:792)
	at org.springframework.web.servlet.mvc.method.AbstractHandlerMethodAdapter.handle(AbstractHandlerMethodAdapter.java:87)
	at org.springframework.web.servlet.DispatcherServlet.doDispatch(DispatcherServlet.java:1040)
	at org.springframework.web.servlet.DispatcherServlet.doService(DispatcherServlet.java:943)
	at org.springframework.web.servlet.FrameworkServlet.processRequest(FrameworkServlet.java:1006)
	at org.springframework.web.servlet.FrameworkServlet.doGet(FrameworkServlet.java:898)
	at javax.servlet.http.HttpServlet.service(HttpServlet.java:626)
	at org.springframework.web.servlet.FrameworkServlet.service(FrameworkServlet.java:883)
	at javax.servlet.http.HttpServlet.service(HttpServlet.java:733)
	at org.apache.catalina.core.ApplicationFilterChain.internalDoFilter(ApplicationFilterChain.java:227)
	at org.apache.catalina.core.ApplicationFilterChain.doFilter(ApplicationFilterChain.java:162)
	at org.apache.tomcat.websocket.server.WsFilter.doFilter(WsFilter.java:53)
	at org.apache.catalina.core.ApplicationFilterChain.internalDoFilter(ApplicationFilterChain.java:189)
	at org.apache.catalina.core.ApplicationFilterChain.doFilter(ApplicationFilterChain.java:162)
	at org.springframework.web.filter.RequestContextFilter.doFilterInternal(RequestContextFilter.java:100)
	at org.springframework.web.filter.OncePerRequestFilter.doFilter(OncePerRequestFilter.java:119)
	at org.apache.catalina.core.ApplicationFilterChain.internalDoFilter(ApplicationFilterChain.java:189)
	at org.apache.catalina.core.ApplicationFilterChain.doFilter(ApplicationFilterChain.java:162)
	at org.springframework.web.filter.FormContentFilter.doFilterInternal(FormContentFilter.java:93)
	at org.springframework.web.filter.OncePerRequestFilter.doFilter(OncePerRequestFilter.java:119)
	at org.apache.catalina.core.ApplicationFilterChain.internalDoFilter(ApplicationFilterChain.java:189)
	at org.apache.catalina.core.ApplicationFilterChain.doFilter(ApplicationFilterChain.java:162)
	at org.springframework.web.filter.CharacterEncodingFilter.doFilterInternal(CharacterEncodingFilter.java:201)
	at org.springframework.web.filter.OncePerRequestFilter.doFilter(OncePerRequestFilter.java:119)
	at org.apache.catalina.core.ApplicationFilterChain.internalDoFilter(ApplicationFilterChain.java:189)
	at org.apache.catalina.core.ApplicationFilterChain.doFilter(ApplicationFilterChain.java:162)
	at org.apache.catalina.core.StandardWrapperValve.invoke(StandardWrapperValve.java:202)
	at org.apache.catalina.core.StandardContextValve.invoke(StandardContextValve.java:97)
	at org.apache.catalina.authenticator.AuthenticatorBase.invoke(AuthenticatorBase.java:542)
	at org.apache.catalina.core.StandardHostValve.invoke(StandardHostValve.java:143)
	at org.apache.catalina.valves.ErrorReportValve.invoke(ErrorReportValve.java:92)
	at org.apache.catalina.core.StandardEngineValve.invoke(StandardEngineValve.java:78)
	at org.apache.catalina.connector.CoyoteAdapter.service(CoyoteAdapter.java:357)
	at org.apache.coyote.http11.Http11Processor.service(Http11Processor.java:374)
	at org.apache.coyote.AbstractProcessorLight.process(AbstractProcessorLight.java:65)
	at org.apache.coyote.AbstractProtocol$ConnectionHandler.process(AbstractProtocol.java:893)
	at org.apache.tomcat.util.net.NioEndpoint$SocketProcessor.doRun(NioEndpoint.java:1707)
	at org.apache.tomcat.util.net.SocketProcessorBase.run(SocketProcessorBase.java:49)
	at java.util.concurrent.ThreadPoolExecutor.runWorker(ThreadPoolExecutor.java:1149)
	at java.util.concurrent.ThreadPoolExecutor$Worker.run(ThreadPoolExecutor.java:624)
	at org.apache.tomcat.util.threads.TaskThread$WrappingRunnable.run(TaskThread.java:61)
	at java.lang.Thread.run(Thread.java:748)
Caused by: org.apache.hudi.exception.HoodieUpsertException: Failed to initialize HoodieUpdateHandle for FileId: 75613ed4-855d-448f-ad24-30608c78106c-0 on commit 20241219095412918 on path hdfs://bdc-e16-13u-mrs-atlas800-02:25019/user/hive/warehouse/hudi_etl/hudi_wxh.db/test_table
	at org.apache.hudi.io.HoodieMergeHandle.init(HoodieMergeHandle.java:208)
	at org.apache.hudi.io.HoodieMergeHandle.<init>(HoodieMergeHandle.java:134)
	at org.apache.hudi.io.HoodieMergeHandle.<init>(HoodieMergeHandle.java:125)
	at org.apache.hudi.table.action.commit.BaseJavaCommitActionExecutor.getUpdateHandle(BaseJavaCommitActionExecutor.java:306)
	at org.apache.hudi.table.action.commit.BaseJavaCommitActionExecutor.handleUpdate(BaseJavaCommitActionExecutor.java:280)
	at org.apache.hudi.table.action.commit.BaseJavaCommitActionExecutor.handleUpsertPartition(BaseJavaCommitActionExecutor.java:254)
	... 62 more
Caused by: java.io.IOException: Filesystem closed
	at org.apache.hadoop.hdfs.DFSClient.checkOpen(DFSClient.java:537)
	at org.apache.hadoop.hdfs.DFSClient.create(DFSClient.java:1375)
	at org.apache.hadoop.hdfs.DFSClient.create(DFSClient.java:1357)
	at org.apache.hadoop.hdfs.DFSClient.create(DFSClient.java:1339)
	at org.apache.hadoop.hdfs.DFSClient.create(DFSClient.java:1277)
	at org.apache.hadoop.hdfs.DistributedFileSystem$8.doCall(DistributedFileSystem.java:608)
	at org.apache.hadoop.hdfs.DistributedFileSystem$8.doCall(DistributedFileSystem.java:605)
	at org.apache.hadoop.fs.FileSystemLinkResolver.resolve(FileSystemLinkResolver.java:81)
	at org.apache.hadoop.hdfs.DistributedFileSystem.create(DistributedFileSystem.java:619)
	at org.apache.hadoop.hdfs.DistributedFileSystem.create(DistributedFileSystem.java:529)
	at org.apache.hudi.common.fs.HoodieWrapperFileSystem.lambda$create$12(HoodieWrapperFileSystem.java:318)
	at org.apache.hudi.common.fs.HoodieWrapperFileSystem.executeFuncWithTimeMetrics(HoodieWrapperFileSystem.java:112)
	at org.apache.hudi.common.fs.HoodieWrapperFileSystem.create(HoodieWrapperFileSystem.java:317)
	at org.apache.parquet.hadoop.util.HadoopOutputFile.create(HadoopOutputFile.java:74)
	at org.apache.parquet.hadoop.ParquetFileWriter.<init>(ParquetFileWriter.java:329)
	at org.apache.parquet.hadoop.ParquetWriter.<init>(ParquetWriter.java:292)
	at org.apache.parquet.hadoop.ParquetWriter.<init>(ParquetWriter.java:228)
	at org.apache.hudi.io.storage.HoodieBaseParquetWriter.<init>(HoodieBaseParquetWriter.java:53)
	at org.apache.hudi.io.storage.HoodieAvroParquetWriter.<init>(HoodieAvroParquetWriter.java:60)
	at org.apache.hudi.io.storage.HoodieFileWriterFactory.newParquetFileWriter(HoodieFileWriterFactory.java:94)
	at org.apache.hudi.io.storage.HoodieFileWriterFactory.newParquetFileWriter(HoodieFileWriterFactory.java:77)
	at org.apache.hudi.io.storage.HoodieFileWriterFactory.getFileWriter(HoodieFileWriterFactory.java:61)
	at org.apache.hudi.io.HoodieWriteHandle.createNewFileWriter(HoodieWriteHandle.java:278)
	at org.apache.hudi.io.HoodieMergeHandle.init(HoodieMergeHandle.java:202)
	... 67 more
org.apache.hudi.exception.HoodieUpsertException: Error upserting bucketType UPDATE for partition :0
	at org.apache.hudi.table.action.commit.BaseJavaCommitActionExecutor.handleUpsertPartition(BaseJavaCommitActionExecutor.java:261)
	at org.apache.hudi.table.action.commit.BaseJavaCommitActionExecutor.lambda$execute$0(BaseJavaCommitActionExecutor.java:126)
	at java.util.LinkedHashMap.forEach(LinkedHashMap.java:684)
	at org.apache.hudi.table.action.commit.BaseJavaCommitActionExecutor.execute(BaseJavaCommitActionExecutor.java:124)
	at org.apache.hudi.table.action.commit.BaseJavaCommitActionExecutor.execute(BaseJavaCommitActionExecutor.java:74)
	at org.apache.hudi.table.action.commit.BaseWriteHelper.write(BaseWriteHelper.java:64)
	at org.apache.hudi.table.action.commit.JavaUpsertCommitActionExecutor.execute(JavaUpsertCommitActionExecutor.java:53)
	at org.apache.hudi.table.HoodieJavaCopyOnWriteTable.upsert(HoodieJavaCopyOnWriteTable.java:109)
	at org.apache.hudi.table.HoodieJavaCopyOnWriteTable.upsert(HoodieJavaCopyOnWriteTable.java:88)
	at org.apache.hudi.client.HoodieJavaWriteClient.upsert(HoodieJavaWriteClient.java:113)
	at com.baosteel.bsee.etl.service.impl.Test12485.writeIntoHudi(Test12485.java:100)
	at com.baosteel.bsee.etl.service.impl.Test12485.writeIntoHudiTest(Test12485.java:61)
	at com.baosteel.bsee.etl.controller.TaskExecuteController.testHoodie(TaskExecuteController.java:69)
	at sun.reflect.NativeMethodAccessorImpl.invoke0(Native Method)
	at sun.reflect.NativeMethodAccessorImpl.invoke(NativeMethodAccessorImpl.java:62)
	at sun.reflect.DelegatingMethodAccessorImpl.invoke(DelegatingMethodAccessorImpl.java:43)
	at java.lang.reflect.Method.invoke(Method.java:498)
	at org.springframework.web.method.support.InvocableHandlerMethod.doInvoke(InvocableHandlerMethod.java:190)
	at org.springframework.web.method.support.InvocableHandlerMethod.invokeForRequest(InvocableHandlerMethod.java:138)
	at org.springframework.web.servlet.mvc.method.annotation.ServletInvocableHandlerMethod.invokeAndHandle(ServletInvocableHandlerMethod.java:105)
	at org.springframework.web.servlet.mvc.method.annotation.RequestMappingHandlerAdapter.invokeHandlerMethod(RequestMappingHandlerAdapter.java:878)
	at org.springframework.web.servlet.mvc.method.annotation.RequestMappingHandlerAdapter.handleInternal(RequestMappingHandlerAdapter.java:792)
	at org.springframework.web.servlet.mvc.method.AbstractHandlerMethodAdapter.handle(AbstractHandlerMethodAdapter.java:87)
	at org.springframework.web.servlet.DispatcherServlet.doDispatch(DispatcherServlet.java:1040)
	at org.springframework.web.servlet.DispatcherServlet.doService(DispatcherServlet.java:943)
	at org.springframework.web.servlet.FrameworkServlet.processRequest(FrameworkServlet.java:1006)
	at org.springframework.web.servlet.FrameworkServlet.doGet(FrameworkServlet.java:898)
	at javax.servlet.http.HttpServlet.service(HttpServlet.java:626)
	at org.springframework.web.servlet.FrameworkServlet.service(FrameworkServlet.java:883)
	at javax.servlet.http.HttpServlet.service(HttpServlet.java:733)
	at org.apache.catalina.core.ApplicationFilterChain.internalDoFilter(ApplicationFilterChain.java:227)
	at org.apache.catalina.core.ApplicationFilterChain.doFilter(ApplicationFilterChain.java:162)
	at org.apache.tomcat.websocket.server.WsFilter.doFilter(WsFilter.java:53)
	at org.apache.catalina.core.ApplicationFilterChain.internalDoFilter(ApplicationFilterChain.java:189)
	at org.apache.catalina.core.ApplicationFilterChain.doFilter(ApplicationFilterChain.java:162)
	at org.springframework.web.filter.RequestContextFilter.doFilterInternal(RequestContextFilter.java:100)
	at org.springframework.web.filter.OncePerRequestFilter.doFilter(OncePerRequestFilter.java:119)
	at org.apache.catalina.core.ApplicationFilterChain.internalDoFilter(ApplicationFilterChain.java:189)
	at org.apache.catalina.core.ApplicationFilterChain.doFilter(ApplicationFilterChain.java:162)
	at org.springframework.web.filter.FormContentFilter.doFilterInternal(FormContentFilter.java:93)
	at org.springframework.web.filter.OncePerRequestFilter.doFilter(OncePerRequestFilter.java:119)
	at org.apache.catalina.core.ApplicationFilterChain.internalDoFilter(ApplicationFilterChain.java:189)
	at org.apache.catalina.core.ApplicationFilterChain.doFilter(ApplicationFilterChain.java:162)
	at org.springframework.web.filter.CharacterEncodingFilter.doFilterInternal(CharacterEncodingFilter.java:201)
	at org.springframework.web.filter.OncePerRequestFilter.doFilter(OncePerRequestFilter.java:119)
	at org.apache.catalina.core.ApplicationFilterChain.internalDoFilter(ApplicationFilterChain.java:189)
	at org.apache.catalina.core.ApplicationFilterChain.doFilter(ApplicationFilterChain.java:162)
	at org.apache.catalina.core.StandardWrapperValve.invoke(StandardWrapperValve.java:202)
	at org.apache.catalina.core.StandardContextValve.invoke(StandardContextValve.java:97)
	at org.apache.catalina.authenticator.AuthenticatorBase.invoke(AuthenticatorBase.java:542)
	at org.apache.catalina.core.StandardHostValve.invoke(StandardHostValve.java:143)
	at org.apache.catalina.valves.ErrorReportValve.invoke(ErrorReportValve.java:92)
	at org.apache.catalina.core.StandardEngineValve.invoke(StandardEngineValve.java:78)
	at org.apache.catalina.connector.CoyoteAdapter.service(CoyoteAdapter.java:357)
	at org.apache.coyote.http11.Http11Processor.service(Http11Processor.java:374)
	at org.apache.coyote.AbstractProcessorLight.process(AbstractProcessorLight.java:65)
	at org.apache.coyote.AbstractProtocol$ConnectionHandler.process(AbstractProtocol.java:893)
	at org.apache.tomcat.util.net.NioEndpoint$SocketProcessor.doRun(NioEndpoint.java:1707)
	at org.apache.tomcat.util.net.SocketProcessorBase.run(SocketProcessorBase.java:49)
	at java.util.concurrent.ThreadPoolExecutor.runWorker(ThreadPoolExecutor.java:1149)
	at java.util.concurrent.ThreadPoolExecutor$Worker.run(ThreadPoolExecutor.java:624)
	at org.apache.tomcat.util.threads.TaskThread$WrappingRunnable.run(TaskThread.java:61)
	at java.lang.Thread.run(Thread.java:748)
Caused by: org.apache.hudi.exception.HoodieUpsertException: Failed to initialize HoodieUpdateHandle for FileId: 75613ed4-855d-448f-ad24-30608c78106c-0 on commit 20241219095413269 on path hdfs://bdc-e16-13u-mrs-atlas800-02:25019/user/hive/warehouse/hudi_etl/hudi_wxh.db/test_table
	at org.apache.hudi.io.HoodieMergeHandle.init(HoodieMergeHandle.java:208)
	at org.apache.hudi.io.HoodieMergeHandle.<init>(HoodieMergeHandle.java:134)
	at org.apache.hudi.io.HoodieMergeHandle.<init>(HoodieMergeHandle.java:125)
	at org.apache.hudi.table.action.commit.BaseJavaCommitActionExecutor.getUpdateHandle(BaseJavaCommitActionExecutor.java:306)
	at org.apache.hudi.table.action.commit.BaseJavaCommitActionExecutor.handleUpdate(BaseJavaCommitActionExecutor.java:280)
	at org.apache.hudi.table.action.commit.BaseJavaCommitActionExecutor.handleUpsertPartition(BaseJavaCommitActionExecutor.java:254)
	... 62 more
Caused by: java.io.IOException: Filesystem closed
	at org.apache.hadoop.hdfs.DFSClient.checkOpen(DFSClient.java:537)
	at org.apache.hadoop.hdfs.DFSClient.create(DFSClient.java:1375)
	at org.apache.hadoop.hdfs.DFSClient.create(DFSClient.java:1357)
	at org.apache.hadoop.hdfs.DFSClient.create(DFSClient.java:1339)
	at org.apache.hadoop.hdfs.DFSClient.create(DFSClient.java:1277)
	at org.apache.hadoop.hdfs.DistributedFileSystem$8.doCall(DistributedFileSystem.java:608)
	at org.apache.hadoop.hdfs.DistributedFileSystem$8.doCall(DistributedFileSystem.java:605)
	at org.apache.hadoop.fs.FileSystemLinkResolver.resolve(FileSystemLinkResolver.java:81)
	at org.apache.hadoop.hdfs.DistributedFileSystem.create(DistributedFileSystem.java:619)
	at org.apache.hadoop.hdfs.DistributedFileSystem.create(DistributedFileSystem.java:529)
	at org.apache.hudi.common.fs.HoodieWrapperFileSystem.lambda$create$12(HoodieWrapperFileSystem.java:318)
	at org.apache.hudi.common.fs.HoodieWrapperFileSystem.executeFuncWithTimeMetrics(HoodieWrapperFileSystem.java:112)
	at org.apache.hudi.common.fs.HoodieWrapperFileSystem.create(HoodieWrapperFileSystem.java:317)
	at org.apache.parquet.hadoop.util.HadoopOutputFile.create(HadoopOutputFile.java:74)
	at org.apache.parquet.hadoop.ParquetFileWriter.<init>(ParquetFileWriter.java:329)
	at org.apache.parquet.hadoop.ParquetWriter.<init>(ParquetWriter.java:292)
	at org.apache.parquet.hadoop.ParquetWriter.<init>(ParquetWriter.java:228)
	at org.apache.hudi.io.storage.HoodieBaseParquetWriter.<init>(HoodieBaseParquetWriter.java:53)
	at org.apache.hudi.io.storage.HoodieAvroParquetWriter.<init>(HoodieAvroParquetWriter.java:60)
	at org.apache.hudi.io.storage.HoodieFileWriterFactory.newParquetFileWriter(HoodieFileWriterFactory.java:94)
	at org.apache.hudi.io.storage.HoodieFileWriterFactory.newParquetFileWriter(HoodieFileWriterFactory.java:77)
	at org.apache.hudi.io.storage.HoodieFileWriterFactory.getFileWriter(HoodieFileWriterFactory.java:61)
	at org.apache.hudi.io.HoodieWriteHandle.createNewFileWriter(HoodieWriteHandle.java:278)
	at org.apache.hudi.io.HoodieMergeHandle.init(HoodieMergeHandle.java:202)
	... 67 more